#
# There is insufficient memory for the Java Runtime Environment to continue.
# Native memory allocation (malloc) failed to allocate 1048576 bytes for AllocateHeap
# Possible reasons:
#   The system is out of physical RAM or swap space
#   In 32 bit mode, the process size limit was hit
# Possible solutions:
#   Reduce memory load on the system
#   Increase physical memory or swap space
#   Check if swap backing store is full
#   Use 64 bit Java on a 64 bit OS
#   Decrease Java heap size (-Xmx/-Xms)
#   Decrease number of Java threads
#   Decrease Java thread stack sizes (-Xss)
#   Set larger code cache with -XX:ReservedCodeCacheSize=
# This output file may be truncated or incomplete.
#
#  Out of Memory Error (memory/allocation.inline.hpp:61), pid=14308, tid=0x00000000000005e0
#
# JRE version:  (8.0_171-b11) (build )
# Java VM: Java HotSpot(TM) 64-Bit Server VM (25.171-b11 mixed mode windows-amd64 compressed oops)
# Failed to write core dump. Minidumps are not enabled by default on client versions of Windows
#

---------------  T H R E A D  ---------------

Current thread (0x000000000216e800):  JavaThread "Unknown thread" [_thread_in_vm, id=1504, stack(0x0000000002340000,0x0000000002440000)]

Stack: [0x0000000002340000,0x0000000002440000]
[error occurred during error reporting (printing stack bounds), id 0xc0000005]

Native frames: (J=compiled Java code, j=interpreted, Vv=VM code, C=native code)


---------------  P R O C E S S  ---------------

Java Threads: ( => current thread )

Other Threads:

=>0x000000000216e800 (exited) JavaThread "Unknown thread" [_thread_in_vm, id=1504, stack(0x0000000002340000,0x0000000002440000)]

VM state:not at safepoint (normal execution)

VM Mutex/Monitor currently owned by a thread: None

Heap:
 PSYoungGen      total 18944K, used 327K [0x00000000eb300000, 0x00000000ec800000, 0x0000000100000000)
  eden space 16384K, 2% used [0x00000000eb300000,0x00000000eb351ec8,0x00000000ec300000)
  from space 2560K, 0% used [0x00000000ec580000,0x00000000ec580000,0x00000000ec800000)
  to   space 2560K, 0% used [0x00000000ec300000,0x00000000ec300000,0x00000000ec580000)
 ParOldGen       total 44032K, used 0K [0x00000000c1800000, 0x00000000c4300000, 0x00000000eb300000)
  object space 44032K, 0% used [0x00000000c1800000,0x00000000c1800000,0x00000000c4300000)
 Metaspace       used 750K, capacity 4480K, committed 4480K, reserved 1056768K
  class space    used 76K, capacity 384K, committed 384K, reserved 1048576K

Card table byte_map: [0x0000000011900000,0x0000000011b00000] byte_map_base: 0x00000000112f4000

Marking Bits: (ParMarkBitMap*) 0x00000000631c08c0
 Begin Bits: [0x0000000012050000, 0x0000000012ff0000)
 End Bits:   [0x0000000012ff0000, 0x0000000013f90000)

Polling page: 0x0000000000520000

CodeCache: size=245760Kb used=328Kb max_used=328Kb free=245431Kb
 bounds [0x0000000002540000, 0x00000000027b0000, 0x0000000011540000]
 total_blobs=58 nmethods=0 adapters=38
 compilation: enabled

Compilation events (0 events):
No events

GC Heap History (0 events):
No events

Deoptimization events (0 events):
No events

Classes redefined (0 events):
No events

Internal exceptions (0 events):
No events

Events (10 events):
Event: 0.056 loading class java/lang/Short
Event: 0.057 loading class java/lang/Short done
Event: 0.057 loading class java/lang/Integer
Event: 0.057 loading class java/lang/Integer done
Event: 0.057 loading class java/lang/Long
Event: 0.057 loading class java/lang/Long done
Event: 0.058 loading class java/lang/NullPointerException
Event: 0.058 loading class java/lang/NullPointerException done
Event: 0.058 loading class java/lang/ArithmeticException
Event: 0.058 loading class java/lang/ArithmeticException done


Dynamic libraries:
0x00007ff773520000 - 0x00007ff773557000 	C:\Program Files\Java\jre1.8.0_171\bin\javaw.exe
0x00007ffa67640000 - 0x00007ffa67821000 	C:\Windows\SYSTEM32\ntdll.dll
0x00007ffa64e00000 - 0x00007ffa64eb2000 	C:\Windows\System32\KERNEL32.DLL
0x00007ffa646a0000 - 0x00007ffa64913000 	C:\Windows\System32\KERNELBASE.dll
0x00007ffa67460000 - 0x00007ffa67501000 	C:\Windows\System32\ADVAPI32.dll
0x00007ffa65da0000 - 0x00007ffa65e3e000 	C:\Windows\System32\msvcrt.dll
0x00007ffa65850000 - 0x00007ffa658ab000 	C:\Windows\System32\sechost.dll
0x00007ffa652a0000 - 0x00007ffa653c4000 	C:\Windows\System32\RPCRT4.dll
0x00007ffa65450000 - 0x00007ffa655e0000 	C:\Windows\System32\USER32.dll
0x00007ffa649a0000 - 0x00007ffa649c0000 	C:\Windows\System32\win32u.dll
0x00007ffa65270000 - 0x00007ffa65298000 	C:\Windows\System32\GDI32.dll
0x00007ffa64400000 - 0x00007ffa64592000 	C:\Windows\System32\gdi32full.dll
0x00007ffa64120000 - 0x00007ffa641bf000 	C:\Windows\System32\msvcp_win.dll
0x00007ffa645a0000 - 0x00007ffa6469a000 	C:\Windows\System32\ucrtbase.dll
0x00007ffa56800000 - 0x00007ffa56a69000 	C:\Windows\WinSxS\amd64_microsoft.windows.common-controls_6595b64144ccf1df_6.0.17134.1_none_e4da93291059d8fb\COMCTL32.dll
0x00007ffa64ad0000 - 0x00007ffa64df3000 	C:\Windows\System32\combase.dll
0x00007ffa64920000 - 0x00007ffa6499a000 	C:\Windows\System32\bcryptPrimitives.dll
0x00007ffa675e0000 - 0x00007ffa6760d000 	C:\Windows\System32\IMM32.DLL
0x00000000632f0000 - 0x00000000633c2000 	C:\Program Files\Java\jre1.8.0_171\bin\msvcr100.dll
0x00000000629a0000 - 0x0000000063240000 	C:\Program Files\Java\jre1.8.0_171\bin\server\jvm.dll
0x00007ffa64ec0000 - 0x00007ffa64ec8000 	C:\Windows\System32\PSAPI.DLL
0x00007ffa62440000 - 0x00007ffa62449000 	C:\Windows\SYSTEM32\WSOCK32.dll
0x00007ffa60450000 - 0x00007ffa60473000 	C:\Windows\SYSTEM32\WINMM.dll
0x00007ffa56a70000 - 0x00007ffa56a7a000 	C:\Windows\SYSTEM32\VERSION.dll
0x00007ffa65640000 - 0x00007ffa656ac000 	C:\Windows\System32\WS2_32.dll
0x00007ffa60420000 - 0x00007ffa6044a000 	C:\Windows\SYSTEM32\WINMMBASE.dll
0x00007ffa643b0000 - 0x00007ffa643f9000 	C:\Windows\System32\cfgmgr32.dll
0x0000000063530000 - 0x000000006353f000 	C:\Program Files\Java\jre1.8.0_171\bin\verify.dll
0x0000000063500000 - 0x0000000063529000 	C:\Program Files\Java\jre1.8.0_171\bin\java.dll
0x00000000634e0000 - 0x00000000634f6000 	C:\Program Files\Java\jre1.8.0_171\bin\zip.dll

VM Arguments:
jvm_args: -Dfile.encoding=Cp1252 
java_command: SimpleLibraryMangement
java_class_path (initial): C:\Program Files\Java\jre1.8.0_171\lib\resources.jar;C:\Program Files\Java\jre1.8.0_171\lib\rt.jar;C:\Program Files\Java\jre1.8.0_171\lib\jsse.jar;C:\Program Files\Java\jre1.8.0_171\lib\jce.jar;C:\Program Files\Java\jre1.8.0_171\lib\charsets.jar;C:\Program Files\Java\jre1.8.0_171\lib\jfr.jar;C:\Program Files\Java\jre1.8.0_171\lib\ext\access-bridge-64.jar;C:\Program Files\Java\jre1.8.0_171\lib\ext\cldrdata.jar;C:\Program Files\Java\jre1.8.0_171\lib\ext\dnsns.jar;C:\Program Files\Java\jre1.8.0_171\lib\ext\jaccess.jar;C:\Program Files\Java\jre1.8.0_171\lib\ext\jfxrt.jar;C:\Program Files\Java\jre1.8.0_171\lib\ext\localedata.jar;C:\Program Files\Java\jre1.8.0_171\lib\ext\nashorn.jar;C:\Program Files\Java\jre1.8.0_171\lib\ext\sunec.jar;C:\Program Files\Java\jre1.8.0_171\lib\ext\sunjce_provider.jar;C:\Program Files\Java\jre1.8.0_171\lib\ext\sunmscapi.jar;C:\Program Files\Java\jre1.8.0_171\lib\ext\sunpkcs11.jar;C:\Program Files\Java\jre1.8.0_171\lib\ext\zipfs.jar;D:\JAVA\SimpleLibrabryManagement\bin;C:\Users\ASUS\Desktop\sqljdbc4.jar
Launcher Type: SUN_STANDARD

Environment Variables:
PATH=C:/Program Files/Java/jre1.8.0_171/bin/server;C:/Program Files/Java/jre1.8.0_171/bin;C:/Program Files/Java/jre1.8.0_171/lib/amd64;C:\Program Files (x86)\Common Files\Oracle\Java\javapath;C:\Windows\system32;C:\Windows;C:\Windows\System32\Wbem;C:\Windows\System32\WindowsPowerShell\v1.0\;C:\Windows\System32\OpenSSH\;C:\Program Files\dotnet\;C:\Program Files (x86)\Windows Live\Shared;C:\Program Files (x86)\Microsoft SQL Server\100\Tools\Binn\VSShell\Common7\IDE\;C:\Program Files (x86)\Microsoft SQL Server\100\Tools\Binn\;C:\Program Files\Microsoft SQL Server\100\Tools\Binn\;C:\Program Files (x86)\Microsoft SQL Server\100\DTS\Binn\;C:\Program Files (x86)\Microsoft SQL Server\110\Tools\Binn\;C:\Program Files\Microsoft SQL Server\110\Tools\Binn\;C:\Program Files\Microsoft SQL Server\110\DTS\Binn\;C:\Program Files (x86)\Microsoft SQL Server\110\Tools\Binn\ManagementStudio\;C:\Program Files (x86)\Microsoft SQL Server\110\DTS\Binn\;C:\Program Files\Microsoft SQL Server\130\Tools\Binn\;C:\Users\ASUS\AppData\Local\Microsoft\WindowsApps;C:\eclipse;
USERNAME=ASUS
OS=Windows_NT
PROCESSOR_IDENTIFIER=Intel64 Family 6 Model 61 Stepping 4, GenuineIntel



---------------  S Y S T E M  ---------------

OS: Windows 10.0 , 64 bit Build 17134 (10.0.17134.1)

CPU:total 4 (initial active 4) (2 cores per cpu, 2 threads per core) family 6 model 61 stepping 4, cmov, cx8, fxsr, mmx, sse, sse2, sse3, ssse3, sse4.1, sse4.2, popcnt, avx, avx2, aes, clmul, erms, 3dnowpref, lzcnt, ht, tsc, tscinvbit, bmi1, bmi2, adx

Memory: 4k page, physical 4090300k(799328k free), swap 11619168k(3476k free)

vm_info: Java HotSpot(TM) 64-Bit Server VM (25.171-b11) for windows-amd64 JRE (1.8.0_171-b11), built on Mar 28 2018 16:06:12 by "java_re" with MS VC++ 10.0 (VS2010)

time: Wed Apr 17 18:41:51 2019
elapsed time: 0 seconds (0d 0h 0m 0s)

